<?xml version="1.0" encoding="UTF-8"?>
<!-- Generated by org.testng.reporters.JUnitXMLReporter -->
<testsuite hostname="360LP048" name="TestSuiteSearchFunctionality" tests="5" failures="2" timestamp="22 Oct 2016 06:56:40 GMT" time="658.403" errors="0">
  <testcase name="test_001SearchBasedOnCategory" time="217.507" classname="com.edureka.searchFunctionality.SearchBasedOnCategory"/>
  <testcase name="test_004SearchBasedOnTrainingType" time="124.131" classname="com.edureka.searchFunctionality.SearchBasedOnTrainingType"/>
  <testcase name="test_002SearchFunctionalityBasedOnTypedKeyword" time="68.725" classname="com.edureka.searchFunctionality.SearchFunctionalityBasedOnTypedKeyword">
    <failure type="java.lang.AssertionError" message="expected [true] but found [false]">
      <![CDATA[java.lang.AssertionError: expected [true] but found [false]
	at com.edureka.pages.AllCoursesPage.verifySearchDataInSearchLogTable(AllCoursesPage.java:895)
	at com.edureka.searchFunctionality.SearchFunctionalityBasedOnTypedKeyword.test_002SearchFunctionalityBasedOnTypedKeyword(SearchFunctionalityBasedOnTypedKeyword.java:71)
... Removed 27 stack frames]]>
    </failure>
  </testcase> <!-- test_002SearchFunctionalityBasedOnTypedKeyword -->
  <testcase name="test_003SearchBasedOnBatchType" time="84.692" classname="com.edureka.searchFunctionality.SearchBasedOnBatchType">
    <failure type="java.lang.AssertionError" message="expected [true] but found [false]">
      <![CDATA[java.lang.AssertionError: expected [true] but found [false]
	at com.edureka.pages.AllCoursesPage.verifyDisplayedCourses(AllCoursesPage.java:830)
	at com.edureka.searchFunctionality.SearchBasedOnBatchType.test_003SearchBasedOnBatchType(SearchBasedOnBatchType.java:89)
... Removed 27 stack frames]]>
    </failure>
  </testcase> <!-- test_003SearchBasedOnBatchType -->
  <testcase name="test_005SearchAnythingWithLogin" time="111.701" classname="com.edureka.searchFunctionality.SearchAnythingWithLogin"/>
</testsuite> <!-- TestSuiteSearchFunctionality -->
