<?xml version="1.0" encoding="UTF-8"?>
<!-- Generated by org.testng.reporters.JUnitReportReporter -->
<testsuite hostname="360LP040" name="com.edureka.scripts.VerifyUserCannotLoggedInWithIncorrectEmailAndCorrectPassword" tests="2" failures="0" timestamp="11 Jul 2016 10:59:34 GMT" time="65.115" errors="0">
  <testcase name="test_013UserCannotLoggedInWithIncorrectEmailAndCorrectPassword" time="52.879" classname="com.edureka.scripts.VerifyUserCannotLoggedInWithIncorrectEmailAndCorrectPassword"/>
  <testcase name="test_014serCannotLoggedInWithoutPassword" time="12.236" classname="com.edureka.scripts.VerifyUserCannotLoggedInWithIncorrectEmailAndCorrectPassword"/>
</testsuite> <!-- com.edureka.scripts.VerifyUserCannotLoggedInWithIncorrectEmailAndCorrectPassword -->
