<?xml version="1.0" encoding="UTF-8"?>
<!-- Generated by org.testng.reporters.JUnitReportReporter -->
<testsuite hostname="360LP040" name="com.edureka.scripts.VerifyUserNotAbleToSignupIfMandatoryFieldIsEmpty" tests="5" failures="0" timestamp="11 Jul 2016 10:59:34 GMT" time="76.803" errors="0">
  <testcase name="test_008VerifyClickingOnShowTextPasswordBecomeUnmasked" time="12.076" classname="com.edureka.scripts.VerifyUserNotAbleToSignupIfMandatoryFieldIsEmpty"/>
  <testcase name="test_002VerifyUserNotAbleToSignupIfMandatoryFieldISEmpty" time="20.539" classname="com.edureka.scripts.VerifyUserNotAbleToSignupIfMandatoryFieldIsEmpty"/>
  <testcase name="test_04VerifyUserNotAbleTOSignupEnteredPasswordIsLessThan8Characters" time="13.534" classname="com.edureka.scripts.VerifyUserNotAbleToSignupIfMandatoryFieldIsEmpty"/>
  <testcase name="test_009VerifyClickingTCRedirectTermsAndConditionsPage" time="3.772" classname="com.edureka.scripts.VerifyUserNotAbleToSignupIfMandatoryFieldIsEmpty"/>
  <testcase name="test_03VerifyUserNotAbleTOSignupEnteredEmailIsIncorrect" time="26.882" classname="com.edureka.scripts.VerifyUserNotAbleToSignupIfMandatoryFieldIsEmpty"/>
</testsuite> <!-- com.edureka.scripts.VerifyUserNotAbleToSignupIfMandatoryFieldIsEmpty -->
