<?xml version="1.0" encoding="UTF-8"?>
<!-- Generated by org.testng.reporters.JUnitReportReporter -->
<testsuite hostname="360LP042" name="com.edureka.leadProcess.VerifySignupFromHeaderHomePage" tests="2" failures="0" timestamp="5 Aug 2016 14:51:54 GMT" time="124.458" errors="0">
  <testcase name="test_011SignInFromHeaderOnAnyCourseLandingPage" time="71.702" classname="com.edureka.leadProcess.VerifySignupFromHeaderHomePage"/>
  <testcase name="test_001VerifySignupFromHeaderHomePage" time="52.756" classname="com.edureka.leadProcess.VerifySignupFromHeaderHomePage"/>
</testsuite> <!-- com.edureka.leadProcess.VerifySignupFromHeaderHomePage -->
